This is pdfTeX, Version 3.14159265-2.6-1.40.21 (MiKTeX 21.1) (preloaded format=pdflatex 2021.1.19)  22 JUN 2021 13:09
entering extended mode
**d:/School/_latex-notes/2021-2022/Summer/CSE360/Notes_02/notes.tex
(d:/School/_latex-notes/2021-2022/Summer/CSE360/Notes_02/notes.tex
LaTeX2e <2020-10-01> patch level 4
L3 programming layer <2021-01-09> xparse <2020-03-03> ("C:\Users\John Li\AppData\Local\Programs\MiKTeX\tex/latex/base\article.cls"
Document Class: article 2020/04/10 v1.4m Standard LaTeX document class
("C:\Users\John Li\AppData\Local\Programs\MiKTeX\tex/latex/base\size10.clo"
File: size10.clo 2020/04/10 v1.4m Standard LaTeX file (size option)
)
\c@part=\count177
\c@section=\count178
\c@subsection=\count179
\c@subsubsection=\count180
\c@paragraph=\count181
\c@subparagraph=\count182
\c@figure=\count183
\c@table=\count184
\abovecaptionskip=\skip47
\belowcaptionskip=\skip48
\bibindent=\dimen138
) ("C:\Users\John Li\AppData\Local\Programs\MiKTeX\tex/latex/geometry\geometry.sty"
Package: geometry 2020/01/02 v5.9 Page Geometry
 ("C:\Users\John Li\AppData\Local\Programs\MiKTeX\tex/latex/graphics\keyval.sty"
Package: keyval 2014/10/28 v1.15 key=value parser (DPC)
\KV@toks@=\toks15
) ("C:\Users\John Li\AppData\Local\Programs\MiKTeX\tex/generic/iftex\ifvtex.sty"
Package: ifvtex 2019/10/25 v1.7 ifvtex legacy package. Use iftex instead.
 ("C:\Users\John Li\AppData\Local\Programs\MiKTeX\tex/generic/iftex\iftex.sty"
Package: iftex 2020/03/06 v1.0d TeX engine tests
))
\Gm@cnth=\count185
\Gm@cntv=\count186
\c@Gm@tempcnt=\count187
\Gm@bindingoffset=\dimen139
\Gm@wd@mp=\dimen140
\Gm@odd@mp=\dimen141
\Gm@even@mp=\dimen142
\Gm@layoutwidth=\dimen143
\Gm@layoutheight=\dimen144
\Gm@layouthoffset=\dimen145
\Gm@layoutvoffset=\dimen146
\Gm@dimlist=\toks16
 ("C:\Users\John Li\AppData\Local\Programs\MiKTeX\tex/latex/geometry\geometry.cfg")) ("C:\Users\John Li\AppData\Local\Programs\MiKTeX\tex/latex/base\inputenc.sty"
Package: inputenc 2020/08/01 v1.3d Input encoding file
\inpenc@prehook=\toks17
\inpenc@posthook=\toks18
) ("C:\Users\John Li\AppData\Local\Programs\MiKTeX\tex/latex/fancyhdr\fancyhdr.sty"
Package: fancyhdr 2021/01/28 v4.0.1 Extensive control of page headers and footers
\f@nch@headwidth=\skip49
\f@nch@O@elh=\skip50
\f@nch@O@erh=\skip51
\f@nch@O@olh=\skip52
\f@nch@O@orh=\skip53
\f@nch@O@elf=\skip54
\f@nch@O@erf=\skip55
\f@nch@O@olf=\skip56
\f@nch@O@orf=\skip57
) ("C:\Users\John Li\AppData\Local\Programs\MiKTeX\tex/latex/graphics\graphicx.sty"
Package: graphicx 2020/09/09 v1.2b Enhanced LaTeX Graphics (DPC,SPQR)
 ("C:\Users\John Li\AppData\Local\Programs\MiKTeX\tex/latex/graphics\graphics.sty"
Package: graphics 2020/08/30 v1.4c Standard LaTeX Graphics (DPC,SPQR)
 ("C:\Users\John Li\AppData\Local\Programs\MiKTeX\tex/latex/graphics\trig.sty"
Package: trig 2016/01/03 v1.10 sin cos tan (DPC)
) ("C:\Users\John Li\AppData\Local\Programs\MiKTeX\tex/latex/graphics-cfg\graphics.cfg"
File: graphics.cfg 2016/06/04 v1.11 sample graphics configuration
)
Package graphics Info: Driver file: pdftex.def on input line 105.
 ("C:\Users\John Li\AppData\Local\Programs\MiKTeX\tex/latex/graphics-def\pdftex.def"
File: pdftex.def 2020/10/05 v1.2a Graphics/color driver for pdftex
))
\Gin@req@height=\dimen147
\Gin@req@width=\dimen148
) ("C:\Users\John Li\AppData\Local\Programs\MiKTeX\tex/latex/enumitem\enumitem.sty"
Package: enumitem 2019/06/20 v3.9 Customized lists
\labelindent=\skip58
\enit@outerparindent=\dimen149
\enit@toks=\toks19
\enit@inbox=\box47
\enit@count@id=\count188
\enitdp@description=\count189
) ("C:\Users\John Li\AppData\Local\Programs\MiKTeX\tex/latex/l3backend\l3backend-pdftex.def"
File: l3backend-pdftex.def 2021-01-09 L3 backend support: PDF output (pdfTeX)
\l__kernel_color_stack_int=\count190
\l__pdf_internal_box=\box48
) (d:/School\_latex-notes\2021-2022\Summer\CSE360\Notes_02\notes.aux)
\openout1 = `notes.aux'.

LaTeX Font Info:    Checking defaults for OML/cmm/m/it on input line 22.
LaTeX Font Info:    ... okay on input line 22.
LaTeX Font Info:    Checking defaults for OMS/cmsy/m/n on input line 22.
LaTeX Font Info:    ... okay on input line 22.
LaTeX Font Info:    Checking defaults for OT1/cmr/m/n on input line 22.
LaTeX Font Info:    ... okay on input line 22.
LaTeX Font Info:    Checking defaults for T1/cmr/m/n on input line 22.
LaTeX Font Info:    ... okay on input line 22.
LaTeX Font Info:    Checking defaults for TS1/cmr/m/n on input line 22.
LaTeX Font Info:    ... okay on input line 22.
LaTeX Font Info:    Checking defaults for OMX/cmex/m/n on input line 22.
LaTeX Font Info:    ... okay on input line 22.
LaTeX Font Info:    Checking defaults for U/cmr/m/n on input line 22.
LaTeX Font Info:    ... okay on input line 22.

*geometry* driver: auto-detecting
*geometry* detected driver: pdftex
*geometry* verbose mode - [ preamble ] result:
* driver: pdftex
* paper: a4paper
* layout: <same size as paper>
* layoutoffset:(h,v)=(0.0pt,0.0pt)
* modes: 
* h-part:(L,W,R)=(81.94394pt, 433.62pt, 81.94394pt)
* v-part:(T,H,B)=(106.75473pt, 578.15999pt, 160.13213pt)
* \paperwidth=597.50787pt
* \paperheight=845.04684pt
* \textwidth=433.62pt
* \textheight=578.15999pt
* \oddsidemargin=9.67395pt
* \evensidemargin=9.67395pt
* \topmargin=-2.51526pt
* \headheight=12.0pt
* \headsep=25.0pt
* \topskip=10.0pt
* \footskip=30.0pt
* \marginparwidth=65.0pt
* \marginparsep=11.0pt
* \columnsep=10.0pt
* \skip\footins=9.0pt plus 4.0pt minus 2.0pt
* \hoffset=0.0pt
* \voffset=0.0pt
* \mag=1000
* \@twocolumnfalse
* \@twosidefalse
* \@mparswitchfalse
* \@reversemarginfalse
* (1in=72.27pt=25.4mm, 1cm=28.453pt)

("C:\Users\John Li\AppData\Local\Programs\MiKTeX\tex/context/base/mkii\supp-pdf.mkii"
[Loading MPS to PDF converter (version 2006.09.02).]
\scratchcounter=\count191
\scratchdimen=\dimen150
\scratchbox=\box49
\nofMPsegments=\count192
\nofMParguments=\count193
\everyMPshowfont=\toks20
\MPscratchCnt=\count194
\MPscratchDim=\dimen151
\MPnumerator=\count195
\makeMPintoPDFobject=\count196
\everyMPtoPDFconversion=\toks21
) ("C:\Users\John Li\AppData\Local\Programs\MiKTeX\tex/latex/epstopdf-pkg\epstopdf-base.sty"
Package: epstopdf-base 2020-01-24 v2.11 Base part for package epstopdf
Package epstopdf-base Info: Redefining graphics rule for `.eps' on input line 485.
) [1{C:/Users/John Li/AppData/Local/MiKTeX/pdftex/config/pdftex.map}

]
<model_view_controller.png, id=9, 316.93407pt x 215.30438pt>
File: model_view_controller.png Graphic file (type png)
<use model_view_controller.png>
Package pdftex.def Info: model_view_controller.png  used on input line 115.
(pdftex.def)             Requested size: 221.85233pt x 150.71204pt.
<model_view_controller-webbrowser.png, id=11, 279.29344pt x 238.64156pt>
File: model_view_controller-webbrowser.png Graphic file (type png)
<use model_view_controller-webbrowser.png>
Package pdftex.def Info: model_view_controller-webbrowser.png  used on input line 116.
(pdftex.def)             Requested size: 195.50407pt x 167.04794pt.
<model_view_controller-desc.png, id=12, 432.86719pt x 268.75406pt>
File: model_view_controller-desc.png Graphic file (type png)
<use model_view_controller-desc.png>
Package pdftex.def Info: model_view_controller-desc.png  used on input line 118.
(pdftex.def)             Requested size: 303.00496pt x 188.12656pt.
 [2 <d:/School/_latex-notes/2021-2022/Summer/CSE360/Notes_02/model_view_controller.png> <d:/School/_latex-notes/2021-2022/Summer/CSE360/Notes_02/model_view_controller-webbrowser.png>]
<layered_architecture.png, id=18, 280.79906pt x 207.02344pt>
File: layered_architecture.png Graphic file (type png)
<use layered_architecture.png>
Package pdftex.def Info: layered_architecture.png  used on input line 129.
(pdftex.def)             Requested size: 196.558pt x 144.9154pt.
<layered_architecture-example.png, id=19, 250.68657pt x 233.37187pt>
File: layered_architecture-example.png Graphic file (type png)
<use layered_architecture-example.png>
Package pdftex.def Info: layered_architecture-example.png  used on input line 130.
(pdftex.def)             Requested size: 175.47939pt x 163.35919pt.
<layered_architecture-desc.png, id=20, 543.53062pt x 219.82124pt>
File: layered_architecture-desc.png Graphic file (type png)
<use layered_architecture-desc.png>
Package pdftex.def Info: layered_architecture-desc.png  used on input line 131.
(pdftex.def)             Requested size: 380.46883pt x 153.87381pt.
 [3 <d:/School/_latex-notes/2021-2022/Summer/CSE360/Notes_02/model_view_controller-desc.png> <d:/School/_latex-notes/2021-2022/Summer/CSE360/Notes_02/layered_architecture.png> <d:/School/_latex-notes/2021-2022/Summer/CSE360/Notes_02/layered_architecture-example.png>]
<repository_architecture.png, id=27, 365.86688pt x 163.3603pt>
File: repository_architecture.png Graphic file (type png)
<use repository_architecture.png>
Package pdftex.def Info: repository_architecture.png  used on input line 142.
(pdftex.def)             Requested size: 256.10506pt x 114.35143pt.
<repository_architecture-desc.png, id=28, 542.77782pt x 218.31563pt>
File: repository_architecture-desc.png Graphic file (type png)
<use repository_architecture-desc.png>
Package pdftex.def Info: repository_architecture-desc.png  used on input line 143.
(pdftex.def)             Requested size: 379.94188pt x 152.81989pt.
 [4 <d:/School/_latex-notes/2021-2022/Summer/CSE360/Notes_02/layered_architecture-desc.png> <d:/School/_latex-notes/2021-2022/Summer/CSE360/Notes_02/repository_architecture.png> <d:/School/_latex-notes/2021-2022/Summer/CSE360/Notes_02/repository_architecture-desc.png>]
<client-server_architecture.png, id=35, 303.38344pt x 170.13562pt>
File: client-server_architecture.png Graphic file (type png)
<use client-server_architecture.png>
Package pdftex.def Info: client-server_architecture.png  used on input line 153.
(pdftex.def)             Requested size: 212.36694pt x 119.0941pt.
<client-server_architecture-desc.png, id=36, 545.03625pt x 219.82124pt>
File: client-server_architecture-desc.png Graphic file (type png)
<use client-server_architecture-desc.png>
Package pdftex.def Info: client-server_architecture-desc.png  used on input line 154.
(pdftex.def)             Requested size: 381.52278pt x 153.87381pt.
<pipe_and_filter_architecture.png, id=37, 527.72156pt x 150.5625pt>
File: pipe_and_filter_architecture.png Graphic file (type png)
<use pipe_and_filter_architecture.png>
Package pdftex.def Info: pipe_and_filter_architecture.png  used on input line 163.
(pdftex.def)             Requested size: 369.40257pt x 105.39302pt.
<pipe_and_filter_architecture-desc.png, id=38, 542.77782pt x 221.32687pt>
File: pipe_and_filter_architecture-desc.png Graphic file (type png)
<use pipe_and_filter_architecture-desc.png>
Package pdftex.def Info: pipe_and_filter_architecture-desc.png  used on input line 164.
(pdftex.def)             Requested size: 379.94188pt x 154.92773pt.
 [5 <d:/School/_latex-notes/2021-2022/Summer/CSE360/Notes_02/client-server_architecture.png> <d:/School/_latex-notes/2021-2022/Summer/CSE360/Notes_02/client-server_architecture-desc.png> <d:/School/_latex-notes/2021-2022/Summer/CSE360/Notes_02/pipe_and_filter_architecture.png>] [6 <d:/School/_latex-notes/2021-2022/Summer/CSE360/Notes_02/pipe_and_filter_architecture-desc.png>]
<encapsulation.png, id=49, 149.05687pt x 81.30376pt>
File: encapsulation.png Graphic file (type png)
<use encapsulation.png>
Package pdftex.def Info: encapsulation.png  used on input line 227.
(pdftex.def)             Requested size: 104.3391pt x 56.91223pt.
<abstraction.png, id=50, 147.55125pt x 204.765pt>
File: abstraction.png Graphic file (type png)
<use abstraction.png>
Package pdftex.def Info: abstraction.png  used on input line 238.
(pdftex.def)             Requested size: 103.28516pt x 143.3345pt.
 [7 <d:/School/_latex-notes/2021-2022/Summer/CSE360/Notes_02/encapsulation.png>] [8 <d:/School/_latex-notes/2021-2022/Summer/CSE360/Notes_02/abstraction.png>] [9] [10]
<gantt_chart.jpg, id=66, 329.5512pt x 222.5916pt>
File: gantt_chart.jpg Graphic file (type jpg)
<use gantt_chart.jpg>
Package pdftex.def Info: gantt_chart.jpg  used on input line 389.
(pdftex.def)             Requested size: 230.68425pt x 155.81305pt.
 [11 <d:/School/_latex-notes/2021-2022/Summer/CSE360/Notes_02/gantt_chart.jpg>] (d:/School\_latex-notes\2021-2022\Summer\CSE360\Notes_02\notes.aux) ) 
Here is how much of TeX's memory you used:
 2300 strings out of 479618
 37303 string characters out of 2864038
 322473 words of memory out of 3000000
 19477 multiletter control sequences out of 15000+200000
 405283 words of font info for 33 fonts, out of 3000000 for 9000
 1141 hyphenation exceptions out of 8191
 68i,10n,74p,259b,294s stack positions out of 5000i,500n,10000p,200000b,50000s
 <C:\Users\John Li\AppData\Local\MiKTeX\fonts/pk/ljfour/jknappen/ec/dpi600\tcrm1000.pk><C:/Users/John Li/AppData/Local/Programs/MiKTeX/fonts/type1/public/amsfonts/cm/cmbx10.pfb><C:/Users/John Li/AppData/Local/Programs/MiKTeX/fonts/type1/public/amsfonts/cm/cmbx12.pfb><C:/Users/John Li/AppData/Local/Programs/MiKTeX/fonts/type1/public/amsfonts/cm/cmr10.pfb>
Output written on d:/School\_latex-notes\2021-2022\Summer\CSE360\Notes_02\notes.pdf (11 pages, 546598 bytes).
PDF statistics:
 85 PDF objects out of 1000 (max. 8388607)
 0 named destinations out of 1000 (max. 500000)
 76 words of extra memory for PDF output out of 10000 (max. 10000000)

