This is pdfTeX, Version 3.14159265-2.6-1.40.21 (MiKTeX 21.1) (preloaded format=pdflatex 2021.1.19)  8 JUL 2021 13:05
entering extended mode
**d:/School/_latex-notes/2021-2022/Summer/CSE360/Notes_03/notes.tex
(d:/School/_latex-notes/2021-2022/Summer/CSE360/Notes_03/notes.tex
LaTeX2e <2020-10-01> patch level 4
L3 programming layer <2021-01-09> xparse <2020-03-03> ("C:\Users\John Li\AppData\Local\Programs\MiKTeX\tex/latex/base\article.cls"
Document Class: article 2020/04/10 v1.4m Standard LaTeX document class
("C:\Users\John Li\AppData\Local\Programs\MiKTeX\tex/latex/base\size10.clo"
File: size10.clo 2020/04/10 v1.4m Standard LaTeX file (size option)
)
\c@part=\count177
\c@section=\count178
\c@subsection=\count179
\c@subsubsection=\count180
\c@paragraph=\count181
\c@subparagraph=\count182
\c@figure=\count183
\c@table=\count184
\abovecaptionskip=\skip47
\belowcaptionskip=\skip48
\bibindent=\dimen138
) ("C:\Users\John Li\AppData\Local\Programs\MiKTeX\tex/latex/geometry\geometry.sty"
Package: geometry 2020/01/02 v5.9 Page Geometry
 ("C:\Users\John Li\AppData\Local\Programs\MiKTeX\tex/latex/graphics\keyval.sty"
Package: keyval 2014/10/28 v1.15 key=value parser (DPC)
\KV@toks@=\toks15
) ("C:\Users\John Li\AppData\Local\Programs\MiKTeX\tex/generic/iftex\ifvtex.sty"
Package: ifvtex 2019/10/25 v1.7 ifvtex legacy package. Use iftex instead.
 ("C:\Users\John Li\AppData\Local\Programs\MiKTeX\tex/generic/iftex\iftex.sty"
Package: iftex 2020/03/06 v1.0d TeX engine tests
))
\Gm@cnth=\count185
\Gm@cntv=\count186
\c@Gm@tempcnt=\count187
\Gm@bindingoffset=\dimen139
\Gm@wd@mp=\dimen140
\Gm@odd@mp=\dimen141
\Gm@even@mp=\dimen142
\Gm@layoutwidth=\dimen143
\Gm@layoutheight=\dimen144
\Gm@layouthoffset=\dimen145
\Gm@layoutvoffset=\dimen146
\Gm@dimlist=\toks16
 ("C:\Users\John Li\AppData\Local\Programs\MiKTeX\tex/latex/geometry\geometry.cfg")) ("C:\Users\John Li\AppData\Local\Programs\MiKTeX\tex/latex/base\inputenc.sty"
Package: inputenc 2020/08/01 v1.3d Input encoding file
\inpenc@prehook=\toks17
\inpenc@posthook=\toks18
) ("C:\Users\John Li\AppData\Local\Programs\MiKTeX\tex/latex/fancyhdr\fancyhdr.sty"
Package: fancyhdr 2021/01/28 v4.0.1 Extensive control of page headers and footers
\f@nch@headwidth=\skip49
\f@nch@O@elh=\skip50
\f@nch@O@erh=\skip51
\f@nch@O@olh=\skip52
\f@nch@O@orh=\skip53
\f@nch@O@elf=\skip54
\f@nch@O@erf=\skip55
\f@nch@O@olf=\skip56
\f@nch@O@orf=\skip57
) ("C:\Users\John Li\AppData\Local\Programs\MiKTeX\tex/latex/graphics\graphicx.sty"
Package: graphicx 2020/09/09 v1.2b Enhanced LaTeX Graphics (DPC,SPQR)
 ("C:\Users\John Li\AppData\Local\Programs\MiKTeX\tex/latex/graphics\graphics.sty"
Package: graphics 2020/08/30 v1.4c Standard LaTeX Graphics (DPC,SPQR)
 ("C:\Users\John Li\AppData\Local\Programs\MiKTeX\tex/latex/graphics\trig.sty"
Package: trig 2016/01/03 v1.10 sin cos tan (DPC)
) ("C:\Users\John Li\AppData\Local\Programs\MiKTeX\tex/latex/graphics-cfg\graphics.cfg"
File: graphics.cfg 2016/06/04 v1.11 sample graphics configuration
)
Package graphics Info: Driver file: pdftex.def on input line 105.
 ("C:\Users\John Li\AppData\Local\Programs\MiKTeX\tex/latex/graphics-def\pdftex.def"
File: pdftex.def 2020/10/05 v1.2a Graphics/color driver for pdftex
))
\Gin@req@height=\dimen147
\Gin@req@width=\dimen148
) ("C:\Users\John Li\AppData\Local\Programs\MiKTeX\tex/latex/enumitem\enumitem.sty"
Package: enumitem 2019/06/20 v3.9 Customized lists
\labelindent=\skip58
\enit@outerparindent=\dimen149
\enit@toks=\toks19
\enit@inbox=\box47
\enit@count@id=\count188
\enitdp@description=\count189
) ("C:\Users\John Li\AppData\Local\Programs\MiKTeX\tex/latex/l3backend\l3backend-pdftex.def"
File: l3backend-pdftex.def 2021-01-09 L3 backend support: PDF output (pdfTeX)
\l__kernel_color_stack_int=\count190
\l__pdf_internal_box=\box48
) (d:/School\_latex-notes\2021-2022\Summer\CSE360\Notes_03\notes.aux)
\openout1 = `notes.aux'.

LaTeX Font Info:    Checking defaults for OML/cmm/m/it on input line 22.
LaTeX Font Info:    ... okay on input line 22.
LaTeX Font Info:    Checking defaults for OMS/cmsy/m/n on input line 22.
LaTeX Font Info:    ... okay on input line 22.
LaTeX Font Info:    Checking defaults for OT1/cmr/m/n on input line 22.
LaTeX Font Info:    ... okay on input line 22.
LaTeX Font Info:    Checking defaults for T1/cmr/m/n on input line 22.
LaTeX Font Info:    ... okay on input line 22.
LaTeX Font Info:    Checking defaults for TS1/cmr/m/n on input line 22.
LaTeX Font Info:    ... okay on input line 22.
LaTeX Font Info:    Checking defaults for OMX/cmex/m/n on input line 22.
LaTeX Font Info:    ... okay on input line 22.
LaTeX Font Info:    Checking defaults for U/cmr/m/n on input line 22.
LaTeX Font Info:    ... okay on input line 22.

*geometry* driver: auto-detecting
*geometry* detected driver: pdftex
*geometry* verbose mode - [ preamble ] result:
* driver: pdftex
* paper: a4paper
* layout: <same size as paper>
* layoutoffset:(h,v)=(0.0pt,0.0pt)
* modes: 
* h-part:(L,W,R)=(81.94394pt, 433.62pt, 81.94394pt)
* v-part:(T,H,B)=(106.75473pt, 578.15999pt, 160.13213pt)
* \paperwidth=597.50787pt
* \paperheight=845.04684pt
* \textwidth=433.62pt
* \textheight=578.15999pt
* \oddsidemargin=9.67395pt
* \evensidemargin=9.67395pt
* \topmargin=-2.51526pt
* \headheight=12.0pt
* \headsep=25.0pt
* \topskip=10.0pt
* \footskip=30.0pt
* \marginparwidth=65.0pt
* \marginparsep=11.0pt
* \columnsep=10.0pt
* \skip\footins=9.0pt plus 4.0pt minus 2.0pt
* \hoffset=0.0pt
* \voffset=0.0pt
* \mag=1000
* \@twocolumnfalse
* \@twosidefalse
* \@mparswitchfalse
* \@reversemarginfalse
* (1in=72.27pt=25.4mm, 1cm=28.453pt)

("C:\Users\John Li\AppData\Local\Programs\MiKTeX\tex/context/base/mkii\supp-pdf.mkii"
[Loading MPS to PDF converter (version 2006.09.02).]
\scratchcounter=\count191
\scratchdimen=\dimen150
\scratchbox=\box49
\nofMPsegments=\count192
\nofMParguments=\count193
\everyMPshowfont=\toks20
\MPscratchCnt=\count194
\MPscratchDim=\dimen151
\MPnumerator=\count195
\makeMPintoPDFobject=\count196
\everyMPtoPDFconversion=\toks21
) ("C:\Users\John Li\AppData\Local\Programs\MiKTeX\tex/latex/epstopdf-pkg\epstopdf-base.sty"
Package: epstopdf-base 2020-01-24 v2.11 Base part for package epstopdf
Package epstopdf-base Info: Redefining graphics rule for `.eps' on input line 485.
) [1{C:/Users/John Li/AppData/Local/MiKTeX/pdftex/config/pdftex.map}

]
<ER_diagram.png, id=8, 379.4175pt x 134.00063pt>
File: ER_diagram.png Graphic file (type png)
<use ER_diagram.png>
Package pdftex.def Info: ER_diagram.png  used on input line 119.
(pdftex.def)             Requested size: 265.59042pt x 93.79977pt.
 [2]
<relational_model.png, id=14, 664.73344pt x 178.41656pt>
File: relational_model.png Graphic file (type png)
<use relational_model.png>
Package pdftex.def Info: relational_model.png  used on input line 147.
(pdftex.def)             Requested size: 332.3659pt x 89.20805pt.
 [3 <d:/School/_latex-notes/2021-2022/Summer/CSE360/Notes_03/ER_diagram.png> <d:/School/_latex-notes/2021-2022/Summer/CSE360/Notes_03/relational_model.png>] [4]
<control-flow-graph.png, id=23, 389.95688pt x 247.67531pt>
File: control-flow-graph.png Graphic file (type png)
<use control-flow-graph.png>
Package pdftex.def Info: control-flow-graph.png  used on input line 219.
(pdftex.def)             Requested size: 233.97592pt x 148.60632pt.
 [5 <d:/School/_latex-notes/2021-2022/Summer/CSE360/Notes_03/control-flow-graph.png>]
<partition-testing.png, id=28, 277.78781pt x 188.95593pt>
File: partition-testing.png Graphic file (type png)
<use partition-testing.png>
Package pdftex.def Info: partition-testing.png  used on input line 240.
(pdftex.def)             Requested size: 194.45012pt x 132.26823pt.
<equivalence-partitions.png, id=29, 472.76625pt x 259.7203pt>
File: equivalence-partitions.png Graphic file (type png)
<use equivalence-partitions.png>
Package pdftex.def Info: equivalence-partitions.png  used on input line 241.
(pdftex.def)             Requested size: 283.66193pt x 155.83337pt.
 [6 <d:/School/_latex-notes/2021-2022/Summer/CSE360/Notes_03/partition-testing.png> <d:/School/_latex-notes/2021-2022/Summer/CSE360/Notes_03/equivalence-partitions.png>] [7] [8] (d:/School\_latex-notes\2021-2022\Summer\CSE360\Notes_03\notes.aux) ) 
Here is how much of TeX's memory you used:
 2239 strings out of 479618
 35231 string characters out of 2864038
 322471 words of memory out of 3000000
 19427 multiletter control sequences out of 15000+200000
 405283 words of font info for 33 fonts, out of 3000000 for 9000
 1141 hyphenation exceptions out of 8191
 68i,11n,74p,259b,292s stack positions out of 5000i,500n,10000p,200000b,50000s
 <C:\Users\John Li\AppData\Local\MiKTeX\fonts/pk/ljfour/jknappen/ec/dpi600\tcrm1000.pk><C:/Users/John Li/AppData/Local/Programs/MiKTeX/fonts/type1/public/amsfonts/cm/cmbx10.pfb><C:/Users/John Li/AppData/Local/Programs/MiKTeX/fonts/type1/public/amsfonts/cm/cmbx12.pfb><C:/Users/John Li/AppData/Local/Programs/MiKTeX/fonts/type1/public/amsfonts/cm/cmr10.pfb>
Output written on d:/School\_latex-notes\2021-2022\Summer\CSE360\Notes_03\notes.pdf (8 pages, 244473 bytes).
PDF statistics:
 57 PDF objects out of 1000 (max. 8388607)
 0 named destinations out of 1000 (max. 500000)
 26 words of extra memory for PDF output out of 10000 (max. 10000000)

